<?xml version="1.0" encoding="UTF-8"?>
<coverage generated="1650298718241" clover="3.2.0">
  <project timestamp="1650298718242" name="All files">
    <metrics statements="21" coveredstatements="21" conditionals="4" coveredconditionals="4" methods="7" coveredmethods="7" elements="32" coveredelements="32" complexity="0" loc="21" ncloc="21" packages="1" files="1" classes="1"/>
    <file name="productDetails.js" path="C:\Users\vishal.an.kumar\Desktop\Project-1\src\productDetails\productDetails.js">
      <metrics statements="21" coveredstatements="21" conditionals="4" coveredconditionals="4" methods="7" coveredmethods="7"/>
      <line num="2" count="1" type="stmt"/>
      <line num="27" count="1" type="stmt"/>
      <line num="31" count="3" type="stmt"/>
      <line num="32" count="2" type="stmt"/>
      <line num="33" count="2" type="stmt"/>
      <line num="38" count="5" type="stmt"/>
      <line num="39" count="15" type="cond" truecount="2" falsecount="0"/>
      <line num="41" count="5" type="stmt"/>
      <line num="42" count="5" type="stmt"/>
      <line num="45" count="5" type="stmt"/>
      <line num="54" count="9" type="stmt"/>
      <line num="62" count="9" type="stmt"/>
      <line num="63" count="14" type="stmt"/>
      <line num="64" count="14" type="cond" truecount="2" falsecount="0"/>
      <line num="66" count="14" type="stmt"/>
      <line num="67" count="14" type="stmt"/>
      <line num="69" count="14" type="stmt"/>
      <line num="70" count="9" type="stmt"/>
      <line num="71" count="9" type="stmt"/>
      <line num="72" count="9" type="stmt"/>
      <line num="77" count="1" type="stmt"/>
    </file>
  </project>
</coverage>
