{"C:\\Users\\vishal.an.kumar\\Desktop\\Project-1\\src\\productDetails\\productDetails.js": {"path":"C:\\Users\\vishal.an.kumar\\Desktop\\Project-1\\src\\productDetails\\productDetails.js","statementMap":{"0":{"start":{"line":2,"column":17},"end":{"line":25,"column":1}},"1":{"start":{"line":27,"column":14},"end":{"line":27,"column":16}},"2":{"start":{"line":31,"column":4},"end":{"line":31,"column":65}},"3":{"start":{"line":31,"column":39},"end":{"line":31,"column":63}},"4":{"start":{"line":32,"column":4},"end":{"line":32,"column":25}},"5":{"start":{"line":33,"column":4},"end":{"line":33,"column":16}},"6":{"start":{"line":38,"column":4},"end":{"line":44,"column":6}},"7":{"start":{"line":39,"column":8},"end":{"line":43,"column":9}},"8":{"start":{"line":41,"column":12},"end":{"line":41,"column":30}},"9":{"start":{"line":42,"column":12},"end":{"line":42,"column":44}},"10":{"start":{"line":45,"column":4},"end":{"line":45,"column":16}},"11":{"start":{"line":54,"column":21},"end":{"line":54,"column":45}},"12":{"start":{"line":62,"column":4},"end":{"line":68,"column":6}},"13":{"start":{"line":63,"column":23},"end":{"line":63,"column":25}},"14":{"start":{"line":64,"column":8},"end":{"line":64,"column":61}},"15":{"start":{"line":66,"column":8},"end":{"line":66,"column":38}},"16":{"start":{"line":67,"column":8},"end":{"line":67,"column":158}},"17":{"start":{"line":69,"column":16},"end":{"line":69,"column":71}},"18":{"start":{"line":69,"column":46},"end":{"line":69,"column":67}},"19":{"start":{"line":70,"column":4},"end":{"line":70,"column":32}},"20":{"start":{"line":71,"column":4},"end":{"line":71,"column":42}},"21":{"start":{"line":72,"column":4},"end":{"line":72,"column":31}},"22":{"start":{"line":77,"column":0},"end":{"line":83,"column":1}}},"fnMap":{"0":{"name":"removeItemToCart","decl":{"start":{"line":30,"column":9},"end":{"line":30,"column":25}},"loc":{"start":{"line":30,"column":35},"end":{"line":34,"column":1}},"line":30},"1":{"name":"(anonymous_1)","decl":{"start":{"line":31,"column":29},"end":{"line":31,"column":30}},"loc":{"start":{"line":31,"column":39},"end":{"line":31,"column":63}},"line":31},"2":{"name":"addItemToCart","decl":{"start":{"line":37,"column":9},"end":{"line":37,"column":22}},"loc":{"start":{"line":37,"column":32},"end":{"line":46,"column":1}},"line":37},"3":{"name":"(anonymous_3)","decl":{"start":{"line":38,"column":21},"end":{"line":38,"column":22}},"loc":{"start":{"line":38,"column":30},"end":{"line":44,"column":5}},"line":38},"4":{"name":"cartTotal","decl":{"start":{"line":48,"column":9},"end":{"line":48,"column":18}},"loc":{"start":{"line":48,"column":21},"end":{"line":75,"column":1}},"line":48},"5":{"name":"(anonymous_5)","decl":{"start":{"line":62,"column":20},"end":{"line":62,"column":21}},"loc":{"start":{"line":62,"column":29},"end":{"line":68,"column":5}},"line":62},"6":{"name":"(anonymous_6)","decl":{"start":{"line":69,"column":31},"end":{"line":69,"column":32}},"loc":{"start":{"line":69,"column":46},"end":{"line":69,"column":67}},"line":69}},"branchMap":{"0":{"loc":{"start":{"line":39,"column":8},"end":{"line":43,"column":9}},"type":"if","locations":[{"start":{"line":39,"column":8},"end":{"line":43,"column":9}},{"start":{},"end":{}}],"line":39},"1":{"loc":{"start":{"line":64,"column":31},"end":{"line":64,"column":55}},"type":"binary-expr","locations":[{"start":{"line":64,"column":31},"end":{"line":64,"column":50}},{"start":{"line":64,"column":54},"end":{"line":64,"column":55}}],"line":64}},"s":{"0":1,"1":1,"2":2,"3":3,"4":2,"5":2,"6":5,"7":15,"8":5,"9":5,"10":5,"11":9,"12":9,"13":14,"14":14,"15":14,"16":14,"17":9,"18":14,"19":9,"20":9,"21":9,"22":1},"f":{"0":2,"1":3,"2":5,"3":15,"4":9,"5":14,"6":14},"b":{"0":[5,10],"1":[14,14]},"_coverageSchema":"1a1c01bbd47fc00a2c39e90264f33305004495a9","hash":"3ff4dd21214e48e151ab081c675455d3ce52317f"}
}
