TN:
SF:src\productDetails\productDetails.js
FN:30,removeItemToCart
FN:31,(anonymous_1)
FN:37,addItemToCart
FN:38,(anonymous_3)
FN:48,cartTotal
FN:62,(anonymous_5)
FN:69,(anonymous_6)
FNF:7
FNH:7
FNDA:2,removeItemToCart
FNDA:3,(anonymous_1)
FNDA:5,addItemToCart
FNDA:15,(anonymous_3)
FNDA:9,cartTotal
FNDA:14,(anonymous_5)
FNDA:14,(anonymous_6)
DA:2,1
DA:27,1
DA:31,3
DA:32,2
DA:33,2
DA:38,5
DA:39,15
DA:41,5
DA:42,5
DA:45,5
DA:54,9
DA:62,9
DA:63,14
DA:64,14
DA:66,14
DA:67,14
DA:69,14
DA:70,9
DA:71,9
DA:72,9
DA:77,1
LF:21
LH:21
BRDA:39,0,0,5
BRDA:39,0,1,10
BRDA:64,1,0,14
BRDA:64,1,1,14
BRF:4
BRH:4
end_of_record
